2014-11-13 23:53:23.186 DEBUG               c.a.c.ConsoleInput:19  - Initialized ConsoleInput with CalendarClient com.agn.CalendarClientNew.MyClient
2014-11-13 23:53:23.198 DEBUG               c.a.c.ConsoleInput:36  - try to start doParse() without input arguments.
2014-11-13 23:53:23.198 DEBUG        c.a.c.ConstActionTypeEnum:43  - commandCode collection is created with 8 commands.
2014-11-13 23:53:23.198 DEBUG             c.a.c.ArgumentParser:28  - setup new instance 
2014-11-13 23:53:23.234 DEBUG             c.a.c.ArgumentParser:40  - got the new JCommander instance.
2014-11-13 23:53:23.340 DEBUG             c.a.c.ArgumentParser:68  - filled JCommander instance with handler objects: 8 commands.
2014-11-13 23:53:23.352 DEBUG               c.a.c.ConsoleInput:49  - try to enter to infinite loop...
2014-11-13 23:53:30.894 INFO              c.a.c.ArgumentParser:78  - string to parse is: create -t ffff444
2014-11-13 23:53:30.894 DEBUG             c.a.c.ArgumentParser:82  - try to parse by JCommander
2014-11-13 23:53:30.906 DEBUG             c.a.c.ArgumentParser:94  - parsed command is "create"
2014-11-13 23:53:30.906 DEBUG c.a.c.ArgumentParser$ParseCreate:162 -  parsing create command...
2014-11-13 23:53:30.906 DEBUG c.a.c.ArgumentParser$ParseCreate:171 - got EventParameters instance with:
2014-11-13 23:53:30.906 DEBUG            c.a.c.EventParameters:40  - actionTypeId: 100;
 title: ffff444;
 description: ;
 attendersList: [];
 timeList: []
2014-11-13 23:53:30.906 DEBUG             c.a.c.ArgumentParser:144 - Parser cleared its variables.
2014-11-13 23:53:30.906 DEBUG  c.a.v.ActionParametersValidator:18  -  validate phase starts...
2014-11-13 23:53:30.906 WARN          c.a.v.EventValidatorImpl:20  - Date is not defined properly!
2014-11-13 23:53:30.906 DEBUG             c.a.c.ActionExecutor:28  - try to call service.createEvent(evParameters.getTitle(), ...) 
2014-11-13 23:53:30.917 DEBUG             c.a.c.ActionExecutor:19  - call isBreakApplication() returns false
2014-11-13 23:55:32.142 INFO              c.a.c.ArgumentParser:78  - string to parse is: exit
2014-11-13 23:55:32.154 DEBUG             c.a.c.ArgumentParser:82  - try to parse by JCommander
2014-11-13 23:55:32.154 DEBUG             c.a.c.ArgumentParser:94  - parsed command is "exit"
2014-11-13 23:55:32.154 DEBUG            c.a.c.EventParameters:24  - actionTypeId: 999
2014-11-13 23:55:32.154 DEBUG  c.a.v.ActionParametersValidator:18  -  validate phase starts...
2014-11-13 23:55:32.154 DEBUG             c.a.c.ActionExecutor:57  - application is going to exit 
2014-11-13 23:55:32.166 DEBUG             c.a.c.ActionExecutor:19  - call isBreakApplication() returns true
2014-11-13 23:55:32.166 DEBUG               c.a.c.ConsoleInput:83  - exited from infinite loop.
2014-11-13 23:55:35.342 DEBUG               c.a.c.ConsoleInput:19  - Initialized ConsoleInput with CalendarClient com.agn.CalendarClientNew.MyClient
2014-11-13 23:55:35.353 DEBUG               c.a.c.ConsoleInput:36  - try to start doParse() without input arguments.
2014-11-13 23:55:35.374 DEBUG        c.a.c.ConstActionTypeEnum:43  - commandCode collection is created with 8 commands.
2014-11-13 23:55:35.374 DEBUG             c.a.c.ArgumentParser:28  - setup new instance 
2014-11-13 23:55:35.428 DEBUG             c.a.c.ArgumentParser:40  - got the new JCommander instance.
2014-11-13 23:55:35.556 DEBUG             c.a.c.ArgumentParser:68  - filled JCommander instance with handler objects: 8 commands.
2014-11-13 23:55:35.567 DEBUG               c.a.c.ConsoleInput:49  - try to enter to infinite loop...
2014-11-13 23:56:05.949 INFO              c.a.c.ArgumentParser:78  - string to parse is: search
2014-11-13 23:56:05.949 DEBUG             c.a.c.ArgumentParser:82  - try to parse by JCommander
2014-11-13 23:56:05.949 DEBUG             c.a.c.ArgumentParser:94  - parsed command is "search"
2014-11-13 23:56:05.949 INFO              c.a.c.ArgumentParser:296 - search mode is ON
2014-11-13 23:56:05.949 DEBUG            c.a.c.EventParameters:24  - actionTypeId: 600
2014-11-13 23:56:05.959 DEBUG  c.a.v.ActionParametersValidator:18  -  validate phase starts...
2014-11-13 23:56:05.959 DEBUG             c.a.c.ActionExecutor:19  - call isBreakApplication() returns false
2014-11-13 23:56:07.281 INFO              c.a.c.ArgumentParser:75  - parsing search engine #1
2014-11-13 23:56:07.281 INFO              c.a.c.ArgumentParser:78  - string to parse is: search -searchEngineNumber 1
2014-11-13 23:56:07.291 DEBUG             c.a.c.ArgumentParser:82  - try to parse by JCommander
2014-11-13 23:56:07.291 DEBUG             c.a.c.ArgumentParser:94  - parsed command is "search"
2014-11-13 23:56:07.291 INFO              c.a.c.ArgumentParser:301 - search mode is OFF
2014-11-13 23:56:07.291 DEBUG c.a.c.ArgumentParser$ParseSearch:256 -  parsing search command...
2014-11-13 23:56:07.291 DEBUG            c.a.c.EventParameters:24  - actionTypeId: 601
2014-11-13 23:56:07.291 DEBUG             c.a.c.ArgumentParser:144 - Parser cleared its variables.
2014-11-13 23:56:07.291 DEBUG  c.a.v.ActionParametersValidator:18  -  validate phase starts...
2014-11-13 23:56:07.291 DEBUG             c.a.c.ActionExecutor:45  - try to call calendarClient.searchAll() 
2014-11-13 23:56:07.301 DEBUG             c.a.c.ActionExecutor:19  - call isBreakApplication() returns false
2014-11-14 00:14:18.407 INFO              c.a.c.ArgumentParser:78  - string to parse is: exit
2014-11-14 00:14:18.414 DEBUG             c.a.c.ArgumentParser:82  - try to parse by JCommander
2014-11-14 00:14:18.414 DEBUG             c.a.c.ArgumentParser:94  - parsed command is "exit"
2014-11-14 00:14:18.414 DEBUG            c.a.c.EventParameters:24  - actionTypeId: 999
2014-11-14 00:14:18.414 DEBUG  c.a.v.ActionParametersValidator:18  -  validate phase starts...
2014-11-14 00:14:18.414 DEBUG             c.a.c.ActionExecutor:57  - application is going to exit 
2014-11-14 00:14:18.414 DEBUG             c.a.c.ActionExecutor:19  - call isBreakApplication() returns true
2014-11-14 00:14:18.414 DEBUG               c.a.c.ConsoleInput:83  - exited from infinite loop.
2014-11-14 00:14:23.472 DEBUG               c.a.c.ConsoleInput:19  - Initialized ConsoleInput with CalendarClient com.agn.CalendarClientNew.MyClient
2014-11-14 00:14:23.480 DEBUG               c.a.c.ConsoleInput:36  - try to start doParse() without input arguments.
2014-11-14 00:14:23.487 DEBUG        c.a.c.ConstActionTypeEnum:43  - commandCode collection is created with 8 commands.
2014-11-14 00:14:23.487 DEBUG             c.a.c.ArgumentParser:28  - setup new instance 
2014-11-14 00:14:23.503 DEBUG             c.a.c.ArgumentParser:40  - got the new JCommander instance.
2014-11-14 00:14:23.573 DEBUG             c.a.c.ArgumentParser:68  - filled JCommander instance with handler objects: 8 commands.
2014-11-14 00:14:23.581 DEBUG               c.a.c.ConsoleInput:49  - try to enter to infinite loop...
2014-11-14 00:14:27.126 INFO              c.a.c.ArgumentParser:78  - string to parse is: search
2014-11-14 00:14:27.134 DEBUG             c.a.c.ArgumentParser:82  - try to parse by JCommander
2014-11-14 00:14:27.141 DEBUG             c.a.c.ArgumentParser:94  - parsed command is "search"
2014-11-14 00:14:27.141 INFO              c.a.c.ArgumentParser:296 - search mode is ON
2014-11-14 00:14:27.141 DEBUG            c.a.c.EventParameters:24  - actionTypeId: 600
2014-11-14 00:14:27.149 DEBUG  c.a.v.ActionParametersValidator:18  -  validate phase starts...
2014-11-14 00:14:27.149 DEBUG             c.a.c.ActionExecutor:19  - call isBreakApplication() returns false
2014-11-14 00:14:28.182 INFO              c.a.c.ArgumentParser:75  - parsing search engine #1
2014-11-14 00:14:28.182 INFO              c.a.c.ArgumentParser:78  - string to parse is: search -searchEngineNumber 1
2014-11-14 00:14:28.191 DEBUG             c.a.c.ArgumentParser:82  - try to parse by JCommander
2014-11-14 00:14:28.191 DEBUG             c.a.c.ArgumentParser:94  - parsed command is "search"
2014-11-14 00:14:28.191 INFO              c.a.c.ArgumentParser:301 - search mode is OFF
2014-11-14 00:14:28.191 DEBUG c.a.c.ArgumentParser$ParseSearch:256 -  parsing search command...
2014-11-14 00:14:28.191 DEBUG            c.a.c.EventParameters:24  - actionTypeId: 601
2014-11-14 00:14:28.191 DEBUG             c.a.c.ArgumentParser:144 - Parser cleared its variables.
2014-11-14 00:14:28.199 DEBUG  c.a.v.ActionParametersValidator:18  -  validate phase starts...
2014-11-14 00:14:28.199 DEBUG             c.a.c.ActionExecutor:45  - try to call calendarClient.searchAll() 
2014-11-14 00:14:28.199 DEBUG             c.a.c.ActionExecutor:19  - call isBreakApplication() returns false
2014-11-14 00:16:28.381 INFO              c.a.c.ArgumentParser:78  - string to parse is: exit
2014-11-14 00:16:28.381 DEBUG             c.a.c.ArgumentParser:82  - try to parse by JCommander
2014-11-14 00:16:28.381 DEBUG             c.a.c.ArgumentParser:94  - parsed command is "exit"
2014-11-14 00:16:28.381 DEBUG            c.a.c.EventParameters:24  - actionTypeId: 999
2014-11-14 00:16:28.381 DEBUG  c.a.v.ActionParametersValidator:18  -  validate phase starts...
2014-11-14 00:16:28.381 DEBUG             c.a.c.ActionExecutor:57  - application is going to exit 
2014-11-14 00:16:28.381 DEBUG             c.a.c.ActionExecutor:19  - call isBreakApplication() returns true
2014-11-14 00:16:28.391 DEBUG               c.a.c.ConsoleInput:83  - exited from infinite loop.
2014-11-14 00:16:33.141 DEBUG               c.a.c.ConsoleInput:19  - Initialized ConsoleInput with CalendarClient com.agn.CalendarClientNew.MyClient
2014-11-14 00:16:33.151 DEBUG               c.a.c.ConsoleInput:36  - try to start doParse() without input arguments.
2014-11-14 00:16:33.161 DEBUG        c.a.c.ConstActionTypeEnum:43  - commandCode collection is created with 8 commands.
2014-11-14 00:16:33.161 DEBUG             c.a.c.ArgumentParser:28  - setup new instance 
2014-11-14 00:16:33.220 DEBUG             c.a.c.ArgumentParser:40  - got the new JCommander instance.
2014-11-14 00:16:33.358 DEBUG             c.a.c.ArgumentParser:68  - filled JCommander instance with handler objects: 8 commands.
2014-11-14 00:16:33.398 DEBUG               c.a.c.ConsoleInput:49  - try to enter to infinite loop...
2014-11-14 00:16:37.697 INFO              c.a.c.ArgumentParser:78  - string to parse is: search
2014-11-14 00:16:37.697 DEBUG             c.a.c.ArgumentParser:82  - try to parse by JCommander
2014-11-14 00:16:37.706 DEBUG             c.a.c.ArgumentParser:94  - parsed command is "search"
2014-11-14 00:16:37.706 INFO              c.a.c.ArgumentParser:296 - search mode is ON
2014-11-14 00:16:37.706 DEBUG            c.a.c.EventParameters:24  - actionTypeId: 600
2014-11-14 00:16:37.706 DEBUG  c.a.v.ActionParametersValidator:18  -  validate phase starts...
2014-11-14 00:16:37.706 DEBUG             c.a.c.ActionExecutor:19  - call isBreakApplication() returns false
2014-11-14 00:16:38.531 INFO              c.a.c.ArgumentParser:75  - parsing search engine #1
2014-11-14 00:16:38.531 INFO              c.a.c.ArgumentParser:78  - string to parse is: search -searchEngineNumber 1
2014-11-14 00:16:38.531 DEBUG             c.a.c.ArgumentParser:82  - try to parse by JCommander
2014-11-14 00:16:38.539 DEBUG             c.a.c.ArgumentParser:94  - parsed command is "search"
2014-11-14 00:16:38.539 INFO              c.a.c.ArgumentParser:301 - search mode is OFF
2014-11-14 00:16:38.539 DEBUG c.a.c.ArgumentParser$ParseSearch:256 -  parsing search command...
2014-11-14 00:16:38.539 DEBUG            c.a.c.EventParameters:24  - actionTypeId: 601
2014-11-14 00:16:38.539 DEBUG             c.a.c.ArgumentParser:144 - Parser cleared its variables.
2014-11-14 00:16:38.539 DEBUG  c.a.v.ActionParametersValidator:18  -  validate phase starts...
2014-11-14 00:16:38.539 DEBUG             c.a.c.ActionExecutor:45  - try to call calendarClient.searchAll() 
2014-11-14 00:16:38.539 DEBUG                   c.a.C.MyClient:23  - calling searchAll()
2014-11-14 00:16:38.539 DEBUG                   c.a.C.MyClient:17  - getLastSearchResult returned:[111, 222, 3333]
2014-11-14 00:16:38.548 DEBUG             c.a.c.ActionExecutor:19  - call isBreakApplication() returns false
2014-11-16 16:21:41.113 INFO              c.a.c.ArgumentParser:78  - string to parse is: exit
2014-11-16 16:21:41.122 DEBUG             c.a.c.ArgumentParser:82  - try to parse by JCommander
2014-11-16 16:21:41.122 DEBUG             c.a.c.ArgumentParser:94  - parsed command is "exit"
2014-11-16 16:21:41.122 DEBUG            c.a.c.EventParameters:24  - actionTypeId: 999
2014-11-16 16:21:41.122 DEBUG  c.a.v.ActionParametersValidator:18  -  validate phase starts...
2014-11-16 16:21:41.122 DEBUG             c.a.c.ActionExecutor:57  - application is going to exit 
2014-11-16 16:21:41.122 DEBUG             c.a.c.ActionExecutor:19  - call isBreakApplication() returns true
2014-11-16 16:21:41.122 DEBUG               c.a.c.ConsoleInput:83  - exited from infinite loop.
2014-11-16 16:21:41.157 INFO              c.a.C.TestLoggingBar:12  - Hello from bar
2014-11-16 16:21:41.157 DEBUG             c.a.C.TestLoggingBar:14  - in my bar name is lordofthejars
2014-11-16 16:21:41.166 INFO              c.a.C.TestLoggingBar:12  - Hello from Foo
2014-11-16 16:21:41.166 DEBUG             c.a.C.TestLoggingBar:13  - In foo my namr is Alex
2014-11-16 16:21:41.166 INFO                   c.a.C.ClientNew:31  - get out from the application!
2014-11-16 16:21:41.166 DEBUG                  c.a.C.ClientNew:32  - close app
2014-11-16 16:28:14.279 INFO                   c.a.C.ClientNew:21  - Application has been started
2014-11-16 16:28:14.305 DEBUG               c.a.c.ConsoleInput:19  - Initialized ConsoleInput with CalendarClient com.agn.CalendarClientNew.MyClient
2014-11-16 16:28:14.305 DEBUG                  c.a.C.ClientNew:25  - try to startConsole 
2014-11-16 16:28:14.305 DEBUG               c.a.c.ConsoleInput:36  - try to start doParse() without input arguments.
2014-11-16 16:28:14.312 DEBUG        c.a.c.ConstActionTypeEnum:43  - commandCode collection is created with 8 commands.
2014-11-16 16:28:14.312 DEBUG             c.a.c.ArgumentParser:28  - setup new instance 
2014-11-16 16:28:14.344 DEBUG             c.a.c.ArgumentParser:40  - got the new JCommander instance.
2014-11-16 16:28:14.415 DEBUG             c.a.c.ArgumentParser:68  - filled JCommander instance with handler objects: 8 commands.
2014-11-16 16:28:14.428 DEBUG               c.a.c.ConsoleInput:49  - try to enter to infinite loop...
2014-11-16 16:28:43.637 INFO              c.a.c.ArgumentParser:78  - string to parse is: create -t lndfg;a
2014-11-16 16:28:43.637 DEBUG             c.a.c.ArgumentParser:82  - try to parse by JCommander
2014-11-16 16:28:43.645 DEBUG             c.a.c.ArgumentParser:94  - parsed command is "create"
2014-11-16 16:28:43.645 DEBUG c.a.c.ArgumentParser$ParseCreate:162 -  parsing create command...
2014-11-16 16:28:43.645 DEBUG c.a.c.ArgumentParser$ParseCreate:171 - got EventParameters instance with:
2014-11-16 16:28:43.645 DEBUG            c.a.c.EventParameters:40  - actionTypeId: 100;
 title: lndfg;a;
 description: ;
 attendersList: [];
 timeList: []
2014-11-16 16:28:43.645 DEBUG             c.a.c.ArgumentParser:144 - Parser cleared its variables.
2014-11-16 16:28:43.653 DEBUG  c.a.v.ActionParametersValidator:18  -  validate phase starts...
2014-11-16 16:28:43.653 WARN          c.a.v.EventValidatorImpl:20  - Date is not defined properly!
2014-11-16 16:28:43.653 DEBUG             c.a.c.ActionExecutor:28  - try to call service.createEvent(evParameters.getTitle(), ...) 
2014-11-16 16:28:43.653 DEBUG             c.a.c.ActionExecutor:19  - call isBreakApplication() returns false
2014-11-16 16:29:12.315 INFO              c.a.c.ArgumentParser:78  - string to parse is: search
2014-11-16 16:29:12.325 DEBUG             c.a.c.ArgumentParser:82  - try to parse by JCommander
2014-11-16 16:29:12.325 DEBUG             c.a.c.ArgumentParser:94  - parsed command is "search"
2014-11-16 16:29:12.325 INFO              c.a.c.ArgumentParser:296 - search mode is ON
2014-11-16 16:29:12.325 DEBUG            c.a.c.EventParameters:24  - actionTypeId: 600
2014-11-16 16:29:12.325 DEBUG  c.a.v.ActionParametersValidator:18  -  validate phase starts...
2014-11-16 16:29:12.325 DEBUG             c.a.c.ActionExecutor:19  - call isBreakApplication() returns false
2014-11-16 16:29:13.491 INFO              c.a.c.ArgumentParser:75  - parsing search engine #1
2014-11-16 16:29:13.491 INFO              c.a.c.ArgumentParser:78  - string to parse is: search -searchEngineNumber 1
2014-11-16 16:29:13.491 DEBUG             c.a.c.ArgumentParser:82  - try to parse by JCommander
2014-11-16 16:29:13.501 DEBUG             c.a.c.ArgumentParser:94  - parsed command is "search"
2014-11-16 16:29:13.501 INFO              c.a.c.ArgumentParser:301 - search mode is OFF
2014-11-16 16:29:13.501 DEBUG c.a.c.ArgumentParser$ParseSearch:256 -  parsing search command...
2014-11-16 16:29:13.501 DEBUG            c.a.c.EventParameters:24  - actionTypeId: 601
2014-11-16 16:29:13.501 DEBUG             c.a.c.ArgumentParser:144 - Parser cleared its variables.
2014-11-16 16:29:13.501 DEBUG  c.a.v.ActionParametersValidator:18  -  validate phase starts...
2014-11-16 16:29:13.511 DEBUG             c.a.c.ActionExecutor:45  - try to call calendarClient.searchAll() 
2014-11-16 16:29:13.511 DEBUG                   c.a.C.MyClient:23  - calling searchAll()
2014-11-16 16:29:13.511 DEBUG                   c.a.C.MyClient:17  - getLastSearchResult returned:[111, 222, 3333]
2014-11-16 16:29:13.511 DEBUG             c.a.c.ActionExecutor:19  - call isBreakApplication() returns false
2014-11-16 16:31:27.350 INFO              c.a.c.ArgumentParser:78  - string to parse is: search
2014-11-16 16:31:27.350 DEBUG             c.a.c.ArgumentParser:82  - try to parse by JCommander
2014-11-16 16:31:27.350 DEBUG             c.a.c.ArgumentParser:94  - parsed command is "search"
2014-11-16 16:31:27.350 INFO              c.a.c.ArgumentParser:296 - search mode is ON
2014-11-16 16:31:27.350 DEBUG            c.a.c.EventParameters:24  - actionTypeId: 600
2014-11-16 16:31:27.350 DEBUG  c.a.v.ActionParametersValidator:18  -  validate phase starts...
2014-11-16 16:31:27.350 DEBUG             c.a.c.ActionExecutor:19  - call isBreakApplication() returns false
2014-11-16 16:31:29.326 INFO              c.a.c.ArgumentParser:75  - parsing search engine #2
2014-11-16 16:31:29.334 INFO              c.a.c.ArgumentParser:78  - string to parse is: search -searchEngineNumber 2 -t dfgdfg
2014-11-16 16:31:29.334 DEBUG             c.a.c.ArgumentParser:82  - try to parse by JCommander
2014-11-16 16:31:29.334 DEBUG             c.a.c.ArgumentParser:94  - parsed command is "search"
2014-11-16 16:31:29.334 INFO              c.a.c.ArgumentParser:301 - search mode is OFF
2014-11-16 16:31:29.334 DEBUG c.a.c.ArgumentParser$ParseSearch:256 -  parsing search command...
2014-11-16 16:31:29.334 DEBUG            c.a.c.EventParameters:40  - actionTypeId: 602;
 title: dfgdfg;
 description: null;
 attendersList: null;
 timeList: null
2014-11-16 16:31:29.334 DEBUG             c.a.c.ArgumentParser:144 - Parser cleared its variables.
2014-11-16 16:31:29.341 DEBUG  c.a.v.ActionParametersValidator:18  -  validate phase starts...
2014-11-16 16:31:29.341 DEBUG             c.a.c.ActionExecutor:51  - try to call calendarClient.searchAll() 
2014-11-16 16:31:29.341 DEBUG                   c.a.C.MyClient:32  - calling searchByTitle(s) s=dfgdfg
2014-11-16 16:31:29.341 DEBUG                   c.a.C.MyClient:17  - getLastSearchResult returned:[dfgdfg]
2014-11-16 16:31:29.341 DEBUG             c.a.c.ActionExecutor:19  - call isBreakApplication() returns false
2014-11-16 16:31:33.471 INFO              c.a.c.ArgumentParser:78  - string to parse is: update
2014-11-16 16:31:33.471 DEBUG             c.a.c.ArgumentParser:82  - try to parse by JCommander
2014-11-16 16:31:33.471 DEBUG             c.a.c.ArgumentParser:94  - parsed command is "update"
2014-11-16 16:31:33.471 DEBUG  c.a.v.ActionParametersValidator:18  -  validate phase starts...
2014-11-16 16:31:33.478 DEBUG             c.a.c.ActionExecutor:19  - call isBreakApplication() returns false
2014-11-16 16:31:35.638 INFO              c.a.c.ArgumentParser:78  - string to parse is: exit
2014-11-16 16:31:35.638 DEBUG             c.a.c.ArgumentParser:82  - try to parse by JCommander
2014-11-16 16:31:35.644 DEBUG             c.a.c.ArgumentParser:94  - parsed command is "exit"
2014-11-16 16:31:35.644 DEBUG            c.a.c.EventParameters:24  - actionTypeId: 999
2014-11-16 16:31:35.644 DEBUG  c.a.v.ActionParametersValidator:18  -  validate phase starts...
2014-11-16 16:31:35.644 DEBUG             c.a.c.ActionExecutor:57  - application is going to exit 
2014-11-16 16:31:35.644 DEBUG             c.a.c.ActionExecutor:19  - call isBreakApplication() returns true
2014-11-16 16:31:35.644 DEBUG               c.a.c.ConsoleInput:83  - exited from infinite loop.
2014-11-16 16:31:35.644 INFO                   c.a.C.ClientNew:27  - Application has been closed 
